
Change-log for HexEditor.dll

------------------------------------------------------------------------------------
07/05/04  v0.8.2 :
    Note: v0.8 Comes with Notepad++ 4.1. Please exchange this version.
------------------------------------------------------------------------------------
    Fix: When user started Notepad "clean", it crashed by hitting a key
    
------------------------------------------------------------------------------------
07/05/02  v0.8.1 :
    Note: v0.8 Comes with Notepad++ 4.1. Please exchange this version.
------------------------------------------------------------------------------------
    Fix: After deleting a selected block, the selection wasn't cleared
    Fix: HEX Address column was incorrect
    Fix: Coping of HEX code crashed Notepad
    
------------------------------------------------------------------------------------
07/03/13  v0.7 :
------------------------------------------------------------------------------------
    Fix: Resource leak during Scintillas UNDO/REDO stack
    Fix: Flickering when switching between documents
    
------------------------------------------------------------------------------------
07/03/01  v0.7 Beta 1 :
------------------------------------------------------------------------------------
    Changes: Porting the project to .NET.
    Fix: Crashing on Notepad startup